<?xml version="1.0" encoding="UTF-8"?>
<!-- Generated by org.testng.reporters.JUnitReportReporter -->
<testsuite hostname="LAPTOP-VAHD59TG" failures="0" tests="3" name="Worldline.Assessment_2.AppTest" time="0.010" errors="0" timestamp="2024-04-01T19:38:46 IST" skipped="0">
  <testcase classname="Worldline.Assessment_2.AppTest" name="testOdd" time="0.001"/>
  <testcase classname="Worldline.Assessment_2.AppTest" name="testPrime" time="0.001"/>
  <testcase classname="Worldline.Assessment_2.AppTest" name="testEven" time="0.008"/>
</testsuite> <!-- Worldline.Assessment_2.AppTest -->
